<?xml version="1.0" encoding="UTF-8"?>
<!-- Generated by org.testng.reporters.JUnitXMLReporter -->
<testsuite ignored="0" hostname="LTIN518281" failures="0" tests="11" name="Test" time="105.104" errors="0" timestamp="2024-04-09T17:02:37 IST">
  <testcase classname="testCases.TC_01" name="checkUrl" time="0.248"/>
  <testcase classname="testCases.TC_01" name="checkLocations" time="6.229"/>
  <testcase classname="testCases.TC_01" name="checkSpecialist" time="0.197"/>
  <testcase classname="testCases.TC_01" name="checkDoctorDetials" time="13.057"/>
  <testcase classname="testCases.TC_02" name="checkSurgiersPageOpened" time="1.561"/>
  <testcase classname="testCases.TC_02" name="printSurgeries" time="0.451"/>
  <testcase classname="testCases.TC_03" name="checkDemoPageOpened" time="7.688"/>
  <testcase classname="testCases.TC_03" name="validateForm_Invalid_Detials" time="0.666"/>
  <testcase classname="testCases.TC_04" name="checkDemoPageOpened" time="7.413"/>
  <testcase classname="testCases.TC_04" name="validateForm_Valid_Detials" time="1.117"/>
  <testcase classname="testCases.TC_05" name="endToEnd" time="32.048"/>
</testsuite> <!-- Test -->
